1 A  	0          CONSTANTE     EQU $1789
2 A  	0          VAR           EQU $0000
3 A  	0          VAR1          EQU $0002
4 A  	0          VAR2          EQU $0003
5 A  	8000		  ORG $8000
6 A  	
7 A 8000	CE1789				  LDX CONSTANTE
8 A  	
9 A 8003	01          	  NOP
10 A 8004	01          	  NOP
11 A  	
12 A 8005	01           	  NOP
13 A 8006	01          	  NOP
14 A  	
15 A 8007	01          	  NOP
16 A 8008	01          	  NOP
17 A 8009	09          	  DEX
18 A 800A	26F7			BNE SALTO 
19 A 800C	22F7			BHI SALTO1 
20 A 800E	130780F5			BRCLR $07,#$80 SALTO2 *Comentario 
21 A 8012	1F05AA16			BRCLR $05,X,#$AA SALTE *Comentario 
22 A 8016	127C3312			BRSET $7C,#$33 SALTE *Comentario 
23 A 801A	181E89400E			BRSET $89,Y,#$40 SALTE 
24 A 801F	155577 	  BCLR  $55,#$77
25 A 8022	144980 	  BSET  $49,#$80
26 A 8025	1D7088 	  BCLR  $70,X,#$88
27 A 8028	181C917C 	  BSET  $91,Y,#$7C
28 A  	
29 A 802C	7E8000				  JMP INICIO
30 A  		  END
