8 A  	*DR   eQu   $11 
9 A  	
10 A  	
11 A  	
12 A 0	BNE CICLO 
			^Error 003: ETIQUETA INEXISTENTE
1 A  	
2 A  	
3 A  	
4 A  	
5 A  	DDRR
			^Error: Esta etiqueta está duplicada
6 A  	
7 A  	
8 A  	*DR   eQu   $11 
9 A  	
10 A  	
11 A  	
12 A 0	    BNE CICLO
13 A 2	89FF			    ADCA #$FF *hola
14 A 2	99FF			    ADCA $FF *hola2
15 A 2	B9FFAA			    ADCA $FFAA *hola3
16 A 2	    YYY #$F1
			^Error 004: MNEMÓNICO INEXISTENTE
17 A 2	bcc #$F2 
			^Error 003: ETIQUETA INEXISTENTE
24 A 4	    adca #$FFF
			^Error 007: MAGNITUD DE  OPERANDO ERRONEA
25 A 4	    adca $FFF
			^Error 007: MAGNITUD DE  OPERANDO ERRONEA
26 A 4	    adca FFF
			^Error 002: VARIABLE INEXTISTENTE
27 A 4	C961			    adcb #'a
28 A 4	D961			    adcb 'a
29 A 4	    adcb 'ab *¿Esto se puede? ¿dos caractares para que se formen 16 bits?
			^Error 007: MAGNITUD DE  OPERANDO ERRONEA
30 A 4	C996			    adCB #150
31 A 4	D996			    adCB 150
32 A 4	F93A98			    adCB 15000
33 A 4	9D11			    JSR $11
34 A 4	781212			    ASL $1212
35 A  	
36 A  	
37 A 7	
			^Error 001: CONSTANTE INEXISTENTE
38 A 9	
			^Error 001: CONSTANTE INEXISTENTE
39 A B	              
40 A B	
			^Error 007: MAGNITUD DE  OPERANDO ERRONEA
41 A D	EC84			    LDD 132,Y  *tamaño correcto, mnemomico existente, valor decimal  ----------------- correcto
42 A F	              
43 A F	
			^Error 001: CONSTANTE INEXISTENTE
44 A 11	
			^Error 007: MAGNITUD DE  OPERANDO ERRONEA
45 A 13	A6			    LdAa ABCD,X *reconice variable ----------------- correcto 
46 A 15	
			^Error 001: CONSTANTE INEXISTENTE
47 A 17	A6			    LDAA DDRR,X *   reconice variable ----------------- correcto
48 A 19	
			^Error 007: MAGNITUD DE  OPERANDO ERRONEA
49 A 1B	A6			    LDAA DDAD,X *variable inexistente ----------------- correcto
50 A 1D	EC17			    LDD $17,x * es octal ----------------- correcto
51 A 1F	ECA7			    LDD $A7,X * es hexagecimal ----------------- correcto
52 A 21	
			^Error 004: MNEMÓNICO INEXISTENTE

53 A 21	
54 A 21	
			^Error 007: MAGNITUD DE  OPERANDO ERRONEA
55 A 23	
			^Error 001: VARIABLE INEXISTENTE
56 A 23	
57 A 25	
			^Error 001: CONSTANTE INEXISTENTE
58 A 27	
			^Error 001: CONSTANTE INEXISTENTE
59 A 29	              
60 A 29	
			^Error 007: MAGNITUD DE  OPERANDO ERRONEA
61 A 2B	EC84			    LDD 132,Y  *tamaño correcto, mnemomico existente, valor decimal  ----------------- correcto
62 A 2D	              
63 A 2D	
			^Error 001: CONSTANTE INEXISTENTE
64 A 2F	
			^Error 007: MAGNITUD DE  OPERANDO ERRONEA
65 A 31	A6			    LdAa ABCD,Y *reconice variable ----------------- correcto 
66 A 33	
			^Error 001: CONSTANTE INEXISTENTE
67 A 35	A6			    LDAA DDRR,Y *   reconice variable ----------------- correcto
68 A 37	
			^Error 007: MAGNITUD DE  OPERANDO ERRONEA
69 A 39	A6			    LDAA DDAD,y *variable inexistente ----------------- correcto
70 A 3B	EC17			    LDD $17,y * es octal ----------------- correcto
71 A 3D	
			^Error 005: Error 000: ERROR DE SINTAXIS
72 A 3F	
			^Error 004: MNEMÓNICO INEXISTENTE

73 A 3F	              
74 A 3F	
75 A 3F	EC73			    LDD 's,Y * 
76 A 41	EC53			    LDD 'S,y * 
77 A 43	
			^Error 007: MAGNITUD DE  OPERANDO ERRONEA
78 A 45	              
79 A 45	EC73			    LDD 's,X * 
80 A 47	EC53			    LDD 'S,X * 
81 A 49	
			^Error 007: MAGNITUD DE  OPERANDO ERRONEA
82 A 49	
83 A  	END
			^Error: Esta etiqueta está duplicada

			^Error 010: NO SE ENCUENTRA END
