1 A  	0          DDRA   EQU   $FFFF
2 A  	0          DDRD   equ   $1009
3 A  	0          DDRG   EQU   $1003
4 A  	0          DDRR   equ   $10
5 A  	0          DDRR   equ   $20
6 A  	0          DDRI   equ   $20
7 A  	0          DDRF   equ   $201
8 A  	*DR   eQu   $11 
9 A  	0          ABCD   equ $31
10 A  	8000	$8000 *COmentario
11 A  	
12 A 8000	26FFFFFFFE			BNE CICLO 
13 A 8002	89FF			    ADCA #$FF *hola
14 A 8004	99FF			    ADCA $FF *hola2
15 A 8006	B9FFAA			    ADCA $FFAA *hola3
16 A 8009	    YYY #$F1
			^Error 004: MNEMÓNICO INEXISTENTE
17 A 8009	bcc #$F2 
			^Error 003: ETIQUETA INEXISTENTE
19 A 800B	B9FFFF			    ADCA DDRA
20 A 800E	8920			    ADCA #DDRR
21 A 8010	9920			    ADCA DDRR
22 A 8012	    ADCA #DDRB
			^Error 001: CONSTANTE INEXTISTENTE
23 A 8012	    ADCA DDRB
			^Error 002: VARIABLE INEXTISTENTE
24 A 8012	    adca #$FFF
			^Error 007: MAGNITUD DE  OPERANDO ERRONEA
25 A 8012	    adca $FFF
			^Error 007: MAGNITUD DE  OPERANDO ERRONEA
26 A 8012	    adca FFF
			^Error 002: VARIABLE INEXTISTENTE
27 A 8012	C961			    adcb #'a
28 A 8014	D961			    adcb 'a
29 A 8016	    adcb 'ab *¿Esto se puede? ¿dos caractares para que se formen 16 bits?
			^Error 007: MAGNITUD DE  OPERANDO ERRONEA
30 A 8016	C996			    adCB #150
31 A 8018	D996			    adCB 150
32 A 801A	F93A98			    adCB 15000
33 A 801D	9D11			    JSR $11
34 A 801F	781212			    ASL $1212
35 A 801F	781212			    ASL $12121414		FCB $14,$14
36 A 801F	781212			    ASL $12121414		FCB $14,$141211	    fcb $12,$11
37 A  	    *END
38 A  	
39 A  	    FCB $14,15 *si ves esto dale like
			^Error: Sintaxis incorrecta	    FCB $14,15 *si ves esto dale like
40 A  	    FCB $14,15 *si ves esto dale like
			^Error: Sintaxis incorrecta	    FCB $14,15 *si ves esto dale like141516	    FCB $14,$15 $16 *si ves esto dale like
41 A  		FCB 
42 A  		FCB 		FCB *ojo aquí
43 A  	    FCB esto no se puede
			^Error: Sintaxis incorrecta
44 A   		END *Esto sí se puede
